CRITICAL - 2022-07-12 07:13:46 --> syntax error, unexpected token "/"
in APPPATH\Views\user_view.php on line 38.
 1 SYSTEMPATH\View\View.php(216): CodeIgniter\View\View->CodeIgniter\View\{closure}()
 2 SYSTEMPATH\Common.php(1135): CodeIgniter\View\View->render('user_view', [], true)
 3 APPPATH\Controllers\UserCrud.php(11): view('user_view', [...])
 4 SYSTEMPATH\CodeIgniter.php(896): App\Controllers\UserCrud->index()
 5 SYSTEMPATH\CodeIgniter.php(466): CodeIgniter\CodeIgniter->runController(Object(App\Controllers\UserCrud))
 6 SYSTEMPATH\CodeIgniter.php(349): CodeIgniter\CodeIgniter->handleRequest(null, Object(Config\Cache), false)
 7 FCPATH\index.php(55): CodeIgniter\CodeIgniter->run()
CRITICAL - 2022-07-12 07:16:24 --> Invalid file: edit_user.php
in SYSTEMPATH\Exceptions\FrameworkException.php on line 33.
 1 SYSTEMPATH\View\View.php(201): CodeIgniter\Exceptions\FrameworkException::forInvalidFile('edit_user.php')
 2 SYSTEMPATH\Common.php(1135): CodeIgniter\View\View->render('edit_user', [], true)
 3 APPPATH\Controllers\UserCrud.php(32): view('edit_user', [...])
 4 SYSTEMPATH\CodeIgniter.php(896): App\Controllers\UserCrud->singleUser('1')
 5 SYSTEMPATH\CodeIgniter.php(466): CodeIgniter\CodeIgniter->runController(Object(App\Controllers\UserCrud))
 6 SYSTEMPATH\CodeIgniter.php(349): CodeIgniter\CodeIgniter->handleRequest(null, Object(Config\Cache), false)
 7 FCPATH\index.php(55): CodeIgniter\CodeIgniter->run()
CRITICAL - 2022-07-12 07:17:03 --> Invalid file: edit_user.php
in SYSTEMPATH\Exceptions\FrameworkException.php on line 33.
 1 SYSTEMPATH\View\View.php(201): CodeIgniter\Exceptions\FrameworkException::forInvalidFile('edit_user.php')
 2 SYSTEMPATH\Common.php(1135): CodeIgniter\View\View->render('edit_user', [], true)
 3 APPPATH\Controllers\UserCrud.php(32): view('edit_user', [...])
 4 SYSTEMPATH\CodeIgniter.php(896): App\Controllers\UserCrud->singleUser('1')
 5 SYSTEMPATH\CodeIgniter.php(466): CodeIgniter\CodeIgniter->runController(Object(App\Controllers\UserCrud))
 6 SYSTEMPATH\CodeIgniter.php(349): CodeIgniter\CodeIgniter->handleRequest(null, Object(Config\Cache), false)
 7 FCPATH\index.php(55): CodeIgniter\CodeIgniter->run()
CRITICAL - 2022-07-12 07:21:22 --> Invalid file: edit_user.php
in SYSTEMPATH\Exceptions\FrameworkException.php on line 33.
 1 SYSTEMPATH\View\View.php(201): CodeIgniter\Exceptions\FrameworkException::forInvalidFile('edit_user.php')
 2 SYSTEMPATH\Common.php(1135): CodeIgniter\View\View->render('edit_user', [], true)
 3 APPPATH\Controllers\UserCrud.php(32): view('edit_user', [...])
 4 SYSTEMPATH\CodeIgniter.php(896): App\Controllers\UserCrud->singleUser('1')
 5 SYSTEMPATH\CodeIgniter.php(466): CodeIgniter\CodeIgniter->runController(Object(App\Controllers\UserCrud))
 6 SYSTEMPATH\CodeIgniter.php(349): CodeIgniter\CodeIgniter->handleRequest(null, Object(Config\Cache), false)
 7 FCPATH\index.php(55): CodeIgniter\CodeIgniter->run()
CRITICAL - 2022-07-12 07:21:23 --> Invalid file: edit_user.php
in SYSTEMPATH\Exceptions\FrameworkException.php on line 33.
 1 SYSTEMPATH\View\View.php(201): CodeIgniter\Exceptions\FrameworkException::forInvalidFile('edit_user.php')
 2 SYSTEMPATH\Common.php(1135): CodeIgniter\View\View->render('edit_user', [], true)
 3 APPPATH\Controllers\UserCrud.php(32): view('edit_user', [...])
 4 SYSTEMPATH\CodeIgniter.php(896): App\Controllers\UserCrud->singleUser('1')
 5 SYSTEMPATH\CodeIgniter.php(466): CodeIgniter\CodeIgniter->runController(Object(App\Controllers\UserCrud))
 6 SYSTEMPATH\CodeIgniter.php(349): CodeIgniter\CodeIgniter->handleRequest(null, Object(Config\Cache), false)
 7 FCPATH\index.php(55): CodeIgniter\CodeIgniter->run()
CRITICAL - 2022-07-12 07:21:23 --> Invalid file: edit_user.php
in SYSTEMPATH\Exceptions\FrameworkException.php on line 33.
 1 SYSTEMPATH\View\View.php(201): CodeIgniter\Exceptions\FrameworkException::forInvalidFile('edit_user.php')
 2 SYSTEMPATH\Common.php(1135): CodeIgniter\View\View->render('edit_user', [], true)
 3 APPPATH\Controllers\UserCrud.php(32): view('edit_user', [...])
 4 SYSTEMPATH\CodeIgniter.php(896): App\Controllers\UserCrud->singleUser('1')
 5 SYSTEMPATH\CodeIgniter.php(466): CodeIgniter\CodeIgniter->runController(Object(App\Controllers\UserCrud))
 6 SYSTEMPATH\CodeIgniter.php(349): CodeIgniter\CodeIgniter->handleRequest(null, Object(Config\Cache), false)
 7 FCPATH\index.php(55): CodeIgniter\CodeIgniter->run()
CRITICAL - 2022-07-12 07:21:24 --> Invalid file: edit_user.php
in SYSTEMPATH\Exceptions\FrameworkException.php on line 33.
 1 SYSTEMPATH\View\View.php(201): CodeIgniter\Exceptions\FrameworkException::forInvalidFile('edit_user.php')
 2 SYSTEMPATH\Common.php(1135): CodeIgniter\View\View->render('edit_user', [], true)
 3 APPPATH\Controllers\UserCrud.php(32): view('edit_user', [...])
 4 SYSTEMPATH\CodeIgniter.php(896): App\Controllers\UserCrud->singleUser('1')
 5 SYSTEMPATH\CodeIgniter.php(466): CodeIgniter\CodeIgniter->runController(Object(App\Controllers\UserCrud))
 6 SYSTEMPATH\CodeIgniter.php(349): CodeIgniter\CodeIgniter->handleRequest(null, Object(Config\Cache), false)
 7 FCPATH\index.php(55): CodeIgniter\CodeIgniter->run()
CRITICAL - 2022-07-12 07:21:25 --> Invalid file: edit_user.php
in SYSTEMPATH\Exceptions\FrameworkException.php on line 33.
 1 SYSTEMPATH\View\View.php(201): CodeIgniter\Exceptions\FrameworkException::forInvalidFile('edit_user.php')
 2 SYSTEMPATH\Common.php(1135): CodeIgniter\View\View->render('edit_user', [], true)
 3 APPPATH\Controllers\UserCrud.php(32): view('edit_user', [...])
 4 SYSTEMPATH\CodeIgniter.php(896): App\Controllers\UserCrud->singleUser('1')
 5 SYSTEMPATH\CodeIgniter.php(466): CodeIgniter\CodeIgniter->runController(Object(App\Controllers\UserCrud))
 6 SYSTEMPATH\CodeIgniter.php(349): CodeIgniter\CodeIgniter->handleRequest(null, Object(Config\Cache), false)
 7 FCPATH\index.php(55): CodeIgniter\CodeIgniter->run()
CRITICAL - 2022-07-12 07:21:36 --> Invalid file: edit_user.php
in SYSTEMPATH\Exceptions\FrameworkException.php on line 33.
 1 SYSTEMPATH\View\View.php(201): CodeIgniter\Exceptions\FrameworkException::forInvalidFile('edit_user.php')
 2 SYSTEMPATH\Common.php(1135): CodeIgniter\View\View->render('edit_user', [], true)
 3 APPPATH\Controllers\UserCrud.php(32): view('edit_user', [...])
 4 SYSTEMPATH\CodeIgniter.php(896): App\Controllers\UserCrud->singleUser('1')
 5 SYSTEMPATH\CodeIgniter.php(466): CodeIgniter\CodeIgniter->runController(Object(App\Controllers\UserCrud))
 6 SYSTEMPATH\CodeIgniter.php(349): CodeIgniter\CodeIgniter->handleRequest(null, Object(Config\Cache), false)
 7 FCPATH\index.php(55): CodeIgniter\CodeIgniter->run()
CRITICAL - 2022-07-12 07:22:42 --> Invalid file: edit_view.php
in SYSTEMPATH\Exceptions\FrameworkException.php on line 33.
 1 SYSTEMPATH\View\View.php(201): CodeIgniter\Exceptions\FrameworkException::forInvalidFile('edit_view.php')
 2 SYSTEMPATH\Common.php(1135): CodeIgniter\View\View->render('edit_view', [], true)
 3 APPPATH\Controllers\UserCrud.php(32): view('edit_view', [...])
 4 SYSTEMPATH\CodeIgniter.php(896): App\Controllers\UserCrud->singleUser('1')
 5 SYSTEMPATH\CodeIgniter.php(466): CodeIgniter\CodeIgniter->runController(Object(App\Controllers\UserCrud))
 6 SYSTEMPATH\CodeIgniter.php(349): CodeIgniter\CodeIgniter->handleRequest(null, Object(Config\Cache), false)
 7 FCPATH\index.php(55): CodeIgniter\CodeIgniter->run()
CRITICAL - 2022-07-12 07:22:51 --> Invalid file: edit_view.php
in SYSTEMPATH\Exceptions\FrameworkException.php on line 33.
 1 SYSTEMPATH\View\View.php(201): CodeIgniter\Exceptions\FrameworkException::forInvalidFile('edit_view.php')
 2 SYSTEMPATH\Common.php(1135): CodeIgniter\View\View->render('edit_view', [], true)
 3 APPPATH\Controllers\UserCrud.php(32): view('edit_view', [...])
 4 SYSTEMPATH\CodeIgniter.php(896): App\Controllers\UserCrud->singleUser('1')
 5 SYSTEMPATH\CodeIgniter.php(466): CodeIgniter\CodeIgniter->runController(Object(App\Controllers\UserCrud))
 6 SYSTEMPATH\CodeIgniter.php(349): CodeIgniter\CodeIgniter->handleRequest(null, Object(Config\Cache), false)
 7 FCPATH\index.php(55): CodeIgniter\CodeIgniter->run()
CRITICAL - 2022-07-12 07:23:15 --> Invalid file: edit_view.php
in SYSTEMPATH\Exceptions\FrameworkException.php on line 33.
 1 SYSTEMPATH\View\View.php(201): CodeIgniter\Exceptions\FrameworkException::forInvalidFile('edit_view.php')
 2 SYSTEMPATH\Common.php(1135): CodeIgniter\View\View->render('edit_view', [], true)
 3 APPPATH\Controllers\UserCrud.php(32): view('edit_view', [...])
 4 SYSTEMPATH\CodeIgniter.php(896): App\Controllers\UserCrud->singleUser('1')
 5 SYSTEMPATH\CodeIgniter.php(466): CodeIgniter\CodeIgniter->runController(Object(App\Controllers\UserCrud))
 6 SYSTEMPATH\CodeIgniter.php(349): CodeIgniter\CodeIgniter->handleRequest(null, Object(Config\Cache), false)
 7 FCPATH\index.php(55): CodeIgniter\CodeIgniter->run()
CRITICAL - 2022-07-12 07:23:16 --> Invalid file: edit_view.php
in SYSTEMPATH\Exceptions\FrameworkException.php on line 33.
 1 SYSTEMPATH\View\View.php(201): CodeIgniter\Exceptions\FrameworkException::forInvalidFile('edit_view.php')
 2 SYSTEMPATH\Common.php(1135): CodeIgniter\View\View->render('edit_view', [], true)
 3 APPPATH\Controllers\UserCrud.php(32): view('edit_view', [...])
 4 SYSTEMPATH\CodeIgniter.php(896): App\Controllers\UserCrud->singleUser('1')
 5 SYSTEMPATH\CodeIgniter.php(466): CodeIgniter\CodeIgniter->runController(Object(App\Controllers\UserCrud))
 6 SYSTEMPATH\CodeIgniter.php(349): CodeIgniter\CodeIgniter->handleRequest(null, Object(Config\Cache), false)
 7 FCPATH\index.php(55): CodeIgniter\CodeIgniter->run()
CRITICAL - 2022-07-12 07:25:08 --> Invalid file: edit_view.php
in SYSTEMPATH\Exceptions\FrameworkException.php on line 33.
 1 SYSTEMPATH\View\View.php(201): CodeIgniter\Exceptions\FrameworkException::forInvalidFile('edit_view.php')
 2 SYSTEMPATH\Common.php(1135): CodeIgniter\View\View->render('edit_view', [], true)
 3 APPPATH\Controllers\UserCrud.php(32): view('edit_view', [...])
 4 SYSTEMPATH\CodeIgniter.php(896): App\Controllers\UserCrud->singleUser('1')
 5 SYSTEMPATH\CodeIgniter.php(466): CodeIgniter\CodeIgniter->runController(Object(App\Controllers\UserCrud))
 6 SYSTEMPATH\CodeIgniter.php(349): CodeIgniter\CodeIgniter->handleRequest(null, Object(Config\Cache), false)
 7 FCPATH\index.php(55): CodeIgniter\CodeIgniter->run()
CRITICAL - 2022-07-12 07:25:47 --> Undefined variable $users
in APPPATH\Views\user_view.php on line 30.
 1 APPPATH\Views\user_view.php(30): CodeIgniter\Debug\Exceptions->errorHandler(2, 'Undefined variable $users', 'APPPATH\\Views\\user_view.php', 30)
 2 SYSTEMPATH\View\View.php(213): include('APPPATH\\Views\\user_view.php')
 3 SYSTEMPATH\View\View.php(216): CodeIgniter\View\View->CodeIgniter\View\{closure}()
 4 SYSTEMPATH\Common.php(1135): CodeIgniter\View\View->render('user_view', [], true)
 5 APPPATH\Controllers\UserCrud.php(32): view('user_view', [...])
 6 SYSTEMPATH\CodeIgniter.php(896): App\Controllers\UserCrud->singleUser('1')
 7 SYSTEMPATH\CodeIgniter.php(466): CodeIgniter\CodeIgniter->runController(Object(App\Controllers\UserCrud))
 8 SYSTEMPATH\CodeIgniter.php(349): CodeIgniter\CodeIgniter->handleRequest(null, Object(Config\Cache), false)
 9 FCPATH\index.php(55): CodeIgniter\CodeIgniter->run()
CRITICAL - 2022-07-12 07:25:49 --> Undefined variable $users
in APPPATH\Views\user_view.php on line 30.
 1 APPPATH\Views\user_view.php(30): CodeIgniter\Debug\Exceptions->errorHandler(2, 'Undefined variable $users', 'APPPATH\\Views\\user_view.php', 30)
 2 SYSTEMPATH\View\View.php(213): include('APPPATH\\Views\\user_view.php')
 3 SYSTEMPATH\View\View.php(216): CodeIgniter\View\View->CodeIgniter\View\{closure}()
 4 SYSTEMPATH\Common.php(1135): CodeIgniter\View\View->render('user_view', [], true)
 5 APPPATH\Controllers\UserCrud.php(32): view('user_view', [...])
 6 SYSTEMPATH\CodeIgniter.php(896): App\Controllers\UserCrud->singleUser('1')
 7 SYSTEMPATH\CodeIgniter.php(466): CodeIgniter\CodeIgniter->runController(Object(App\Controllers\UserCrud))
 8 SYSTEMPATH\CodeIgniter.php(349): CodeIgniter\CodeIgniter->handleRequest(null, Object(Config\Cache), false)
 9 FCPATH\index.php(55): CodeIgniter\CodeIgniter->run()
CRITICAL - 2022-07-12 07:25:50 --> Undefined variable $users
in APPPATH\Views\user_view.php on line 30.
 1 APPPATH\Views\user_view.php(30): CodeIgniter\Debug\Exceptions->errorHandler(2, 'Undefined variable $users', 'APPPATH\\Views\\user_view.php', 30)
 2 SYSTEMPATH\View\View.php(213): include('APPPATH\\Views\\user_view.php')
 3 SYSTEMPATH\View\View.php(216): CodeIgniter\View\View->CodeIgniter\View\{closure}()
 4 SYSTEMPATH\Common.php(1135): CodeIgniter\View\View->render('user_view', [], true)
 5 APPPATH\Controllers\UserCrud.php(32): view('user_view', [...])
 6 SYSTEMPATH\CodeIgniter.php(896): App\Controllers\UserCrud->singleUser('1')
 7 SYSTEMPATH\CodeIgniter.php(466): CodeIgniter\CodeIgniter->runController(Object(App\Controllers\UserCrud))
 8 SYSTEMPATH\CodeIgniter.php(349): CodeIgniter\CodeIgniter->handleRequest(null, Object(Config\Cache), false)
 9 FCPATH\index.php(55): CodeIgniter\CodeIgniter->run()
